# JRE version: OpenJDK Runtime Environment Temurin-17.0.9+9 (17.0.9+9) (build 17.0.9+9)
# Java VM: OpenJDK 64-Bit Server VM Temurin-17.0.9+9 (17.0.9+9, mixed mode, tiered, compressed oops, compressed class ptrs, parallel gc, linux-amd64)
GC Precious Log:
 CPUs: 12 total, 12 available
 Memory: 7893M
 Large Page Support: Disabled
 NUMA Support: Disabled
 Compressed Oops: Enabled (32-bit)
 Alignments: Space 512K, Generation 512K, Heap 2M
 Heap Min Capacity: 100M
 Heap Initial Capacity: 100M
 Heap Max Capacity: 1G
 Pre-touch: Disabled
 Parallel Workers: 10
Heap:
 PSYoungGen      total 10240K, used 10240K [0x00000000eab00000, 0x00000000ec180000, 0x0000000100000000)
  eden space 6656K, 100% used [0x00000000eab00000,0x00000000eb180000,0x00000000eb180000)
  from space 3584K, 100% used [0x00000000eb500000,0x00000000eb880000,0x00000000eb880000)
  to   space 8192K, 5% used [0x00000000eb980000,0x00000000eb9f8000,0x00000000ec180000)
 ParOldGen       total 108032K, used 86163K [0x00000000c0000000, 0x00000000c6980000, 0x00000000eab00000)
  object space 108032K, 79% used [0x00000000c0000000,0x00000000c5424f78,0x00000000c6980000)
 Metaspace       used 72394K, committed 73536K, reserved 1114112K
  class space    used 7851K, committed 8320K, reserved 1048576K
GC Heap History (20 events):
Event: 7.461 GC heap after
{Heap after GC invocations=41 (full 3):
 PSYoungGen      total 5120K, used 2048K [0x00000000eab00000, 0x00000000edf80000, 0x0000000100000000)
  eden space 3072K, 0% used [0x00000000eab00000,0x00000000eab00000,0x00000000eae00000)
  from space 2048K, 100% used [0x00000000ebf80000,0x00000000ec180000,0x00000000ec180000)
  to   space 17920K, 0% used [0x00000000eae00000,0x00000000eae00000,0x00000000ebf80000)
 ParOldGen       total 100352K, used 100022K [0x00000000c0000000, 0x00000000c6200000, 0x00000000eab00000)
  object space 100352K, 99% used [0x00000000c0000000,0x00000000c61adae8,0x00000000c6200000)
 Metaspace       used 72072K, committed 73216K, reserved 1114112K
  class space    used 7826K, committed 8320K, reserved 1048576K
}
Event: 7.461 GC heap before
{Heap before GC invocations=42 (full 4):
 PSYoungGen      total 5120K, used 2048K [0x00000000eab00000, 0x00000000edf80000, 0x0000000100000000)
  eden space 3072K, 0% used [0x00000000eab00000,0x00000000eab00000,0x00000000eae00000)
  from space 2048K, 100% used [0x00000000ebf80000,0x00000000ec180000,0x00000000ec180000)
  to   space 17920K, 0% used [0x00000000eae00000,0x00000000eae00000,0x00000000ebf80000)
 ParOldGen       total 100352K, used 100022K [0x00000000c0000000, 0x00000000c6200000, 0x00000000eab00000)
  object space 100352K, 99% used [0x00000000c0000000,0x00000000c61adae8,0x00000000c6200000)
 Metaspace       used 72072K, committed 73216K, reserved 1114112K
  class space    used 7826K, committed 8320K, reserved 1048576K
}
Event: 7.502 GC heap after
{Heap after GC invocations=42 (full 4):
 PSYoungGen      total 20992K, used 0K [0x00000000eab00000, 0x00000000ed100000, 0x0000000100000000)
  eden space 3072K, 0% used [0x00000000eab00000,0x00000000eab00000,0x00000000eae00000)
  from space 17920K, 0% used [0x00000000eae00000,0x00000000eae00000,0x00000000ebf80000)
  to   space 17920K, 0% used [0x00000000ebf80000,0x00000000ebf80000,0x00000000ed100000)
 ParOldGen       total 108032K, used 67491K [0x00000000c0000000, 0x00000000c6980000, 0x00000000eab00000)
  object space 108032K, 62% used [0x00000000c0000000,0x00000000c41e8f78,0x00000000c6980000)
 Metaspace       used 72072K, committed 73216K, reserved 1114112K
  class space    used 7826K, committed 8320K, reserved 1048576K
}
Event: 7.507 GC heap before
{Heap before GC invocations=43 (full 4):
 PSYoungGen      total 20992K, used 3072K [0x00000000eab00000, 0x00000000ed100000, 0x0000000100000000)
  eden space 3072K, 100% used [0x00000000eab00000,0x00000000eae00000,0x00000000eae00000)
  from space 17920K, 0% used [0x00000000eae00000,0x00000000eae00000,0x00000000ebf80000)
  to   space 17920K, 0% used [0x00000000ebf80000,0x00000000ebf80000,0x00000000ed100000)
 ParOldGen       total 108032K, used 67491K [0x00000000c0000000, 0x00000000c6980000, 0x00000000eab00000)
  object space 108032K, 62% used [0x00000000c0000000,0x00000000c41e8f78,0x00000000c6980000)
 Metaspace       used 72072K, committed 73216K, reserved 1114112K
  class space    used 7826K, committed 8320K, reserved 1048576K
}
Event: 7.508 GC heap after
{Heap after GC invocations=43 (full 4):
 PSYoungGen      total 5632K, used 2464K [0x00000000eab00000, 0x00000000ec200000, 0x0000000100000000)
  eden space 3072K, 0% used [0x00000000eab00000,0x00000000eab00000,0x00000000eae00000)
  from space 2560K, 96% used [0x00000000ebf80000,0x00000000ec1e8000,0x00000000ec200000)
  to   space 7168K, 0% used [0x00000000eb400000,0x00000000eb400000,0x00000000ebb00000)
 ParOldGen       total 108032K, used 67491K [0x00000000c0000000, 0x00000000c6980000, 0x00000000eab00000)
  object space 108032K, 62% used [0x00000000c0000000,0x00000000c41e8f78,0x00000000c6980000)
 Metaspace       used 72072K, committed 73216K, reserved 1114112K
  class space    used 7826K, committed 8320K, reserved 1048576K
}
Event: 7.514 GC heap before
{Heap before GC invocations=44 (full 4):
 PSYoungGen      total 5632K, used 5536K [0x00000000eab00000, 0x00000000ec200000, 0x0000000100000000)
  eden space 3072K, 100% used [0x00000000eab00000,0x00000000eae00000,0x00000000eae00000)
  from space 2560K, 96% used [0x00000000ebf80000,0x00000000ec1e8000,0x00000000ec200000)
  to   space 7168K, 0% used [0x00000000eb400000,0x00000000eb400000,0x00000000ebb00000)
 ParOldGen       total 108032K, used 67491K [0x00000000c0000000, 0x00000000c6980000, 0x00000000eab00000)
  object space 108032K, 62% used [0x00000000c0000000,0x00000000c41e8f78,0x00000000c6980000)
 Metaspace       used 72072K, committed 73216K, reserved 1114112K
  class space    used 7826K, committed 8320K, reserved 1048576K
}
Event: 7.516 GC heap after
{Heap after GC invocations=44 (full 4):
 PSYoungGen      total 10240K, used 2528K [0x00000000eab00000, 0x00000000ec000000, 0x0000000100000000)
  eden space 3072K, 0% used [0x00000000eab00000,0x00000000eab00000,0x00000000eae00000)
  from space 7168K, 35% used [0x00000000eb400000,0x00000000eb678000,0x00000000ebb00000)
  to   space 3584K, 0% used [0x00000000ebc80000,0x00000000ebc80000,0x00000000ec000000)
 ParOldGen       total 108032K, used 69875K [0x00000000c0000000, 0x00000000c6980000, 0x00000000eab00000)
  object space 108032K, 64% used [0x00000000c0000000,0x00000000c443cf78,0x00000000c6980000)
 Metaspace       used 72072K, committed 73216K, reserved 1114112K
  class space    used 7826K, committed 8320K, reserved 1048576K
}
Event: 7.521 GC heap before
{Heap before GC invocations=45 (full 4):
 PSYoungGen      total 10240K, used 5600K [0x00000000eab00000, 0x00000000ec000000, 0x0000000100000000)
  eden space 3072K, 100% used [0x00000000eab00000,0x00000000eae00000,0x00000000eae00000)
  from space 7168K, 35% used [0x00000000eb400000,0x00000000eb678000,0x00000000ebb00000)
  to   space 3584K, 0% used [0x00000000ebc80000,0x00000000ebc80000,0x00000000ec000000)
 ParOldGen       total 108032K, used 69875K [0x00000000c0000000, 0x00000000c6980000, 0x00000000eab00000)
  object space 108032K, 64% used [0x00000000c0000000,0x00000000c443cf78,0x00000000c6980000)
 Metaspace       used 72072K, committed 73216K, reserved 1114112K
  class space    used 7826K, committed 8320K, reserved 1048576K
}
Event: 7.522 GC heap after
{Heap after GC invocations=45 (full 4):
 PSYoungGen      total 5632K, used 2464K [0x00000000eab00000, 0x00000000ebf00000, 0x0000000100000000)
  eden space 3072K, 0% used [0x00000000eab00000,0x00000000eab00000,0x00000000eae00000)
  from space 2560K, 96% used [0x00000000ebc80000,0x00000000ebee8000,0x00000000ebf00000)
  to   space 3072K, 0% used [0x00000000eb900000,0x00000000eb900000,0x00000000ebc00000)
 ParOldGen       total 108032K, used 72275K [0x00000000c0000000, 0x00000000c6980000, 0x00000000eab00000)
  object space 108032K, 66% used [0x00000000c0000000,0x00000000c4694f78,0x00000000c6980000)
 Metaspace       used 72072K, committed 73216K, reserved 1114112K
  class space    used 7826K, committed 8320K, reserved 1048576K
}
Event: 7.529 GC heap before
{Heap before GC invocations=46 (full 4):
 PSYoungGen      total 5632K, used 5536K [0x00000000eab00000, 0x00000000ebf00000, 0x0000000100000000)
  eden space 3072K, 100% used [0x00000000eab00000,0x00000000eae00000,0x00000000eae00000)
  from space 2560K, 96% used [0x00000000ebc80000,0x00000000ebee8000,0x00000000ebf00000)
  to   space 3072K, 0% used [0x00000000eb900000,0x00000000eb900000,0x00000000ebc00000)
 ParOldGen       total 108032K, used 72275K [0x00000000c0000000, 0x00000000c6980000, 0x00000000eab00000)
  object space 108032K, 66% used [0x00000000c0000000,0x00000000c4694f78,0x00000000c6980000)
 Metaspace       used 72072K, committed 73216K, reserved 1114112K
  class space    used 7826K, committed 8320K, reserved 1048576K
}
Event: 7.531 GC heap after
{Heap after GC invocations=46 (full 4):
 PSYoungGen      total 5632K, used 2496K [0x00000000eab00000, 0x00000000ebd00000, 0x0000000100000000)
  eden space 3072K, 0% used [0x00000000eab00000,0x00000000eab00000,0x00000000eae00000)
  from space 2560K, 97% used [0x00000000eb900000,0x00000000ebb70000,0x00000000ebb80000)
  to   space 1536K, 0% used [0x00000000ebb80000,0x00000000ebb80000,0x00000000ebd00000)
 ParOldGen       total 108032K, used 74643K [0x00000000c0000000, 0x00000000c6980000, 0x00000000eab00000)
  object space 108032K, 69% used [0x00000000c0000000,0x00000000c48e4f78,0x00000000c6980000)
 Metaspace       used 72072K, committed 73216K, reserved 1114112K
  class space    used 7826K, committed 8320K, reserved 1048576K
}
Event: 7.536 GC heap before
{Heap before GC invocations=47 (full 4):
 PSYoungGen      total 5632K, used 5568K [0x00000000eab00000, 0x00000000ebd00000, 0x0000000100000000)
  eden space 3072K, 100% used [0x00000000eab00000,0x00000000eae00000,0x00000000eae00000)
  from space 2560K, 97% used [0x00000000eb900000,0x00000000ebb70000,0x00000000ebb80000)
  to   space 1536K, 0% used [0x00000000ebb80000,0x00000000ebb80000,0x00000000ebd00000)
 ParOldGen       total 108032K, used 74643K [0x00000000c0000000, 0x00000000c6980000, 0x00000000eab00000)
  object space 108032K, 69% used [0x00000000c0000000,0x00000000c48e4f78,0x00000000c6980000)
 Metaspace       used 72072K, committed 73216K, reserved 1114112K
  class space    used 7826K, committed 8320K, reserved 1048576K
}
Event: 7.538 GC heap after
{Heap after GC invocations=47 (full 4):
 PSYoungGen      total 4608K, used 1536K [0x00000000eab00000, 0x00000000ebd00000, 0x0000000100000000)
  eden space 3072K, 0% used [0x00000000eab00000,0x00000000eab00000,0x00000000eae00000)
  from space 1536K, 100% used [0x00000000ebb80000,0x00000000ebd00000,0x00000000ebd00000)
  to   space 5120K, 0% used [0x00000000eb300000,0x00000000eb300000,0x00000000eb800000)
 ParOldGen       total 108032K, used 77803K [0x00000000c0000000, 0x00000000c6980000, 0x00000000eab00000)
  object space 108032K, 72% used [0x00000000c0000000,0x00000000c4bfaf78,0x00000000c6980000)
 Metaspace       used 72072K, committed 73216K, reserved 1114112K
  class space    used 7826K, committed 8320K, reserved 1048576K
}
Event: 7.543 GC heap before
{Heap before GC invocations=48 (full 4):
 PSYoungGen      total 4608K, used 4608K [0x00000000eab00000, 0x00000000ebd00000, 0x0000000100000000)
  eden space 3072K, 100% used [0x00000000eab00000,0x00000000eae00000,0x00000000eae00000)
  from space 1536K, 100% used [0x00000000ebb80000,0x00000000ebd00000,0x00000000ebd00000)
  to   space 5120K, 0% used [0x00000000eb300000,0x00000000eb300000,0x00000000eb800000)
 ParOldGen       total 108032K, used 77803K [0x00000000c0000000, 0x00000000c6980000, 0x00000000eab00000)
  object space 108032K, 72% used [0x00000000c0000000,0x00000000c4bfaf78,0x00000000c6980000)
 Metaspace       used 72072K, committed 73216K, reserved 1114112K
  class space    used 7826K, committed 8320K, reserved 1048576K
}
Event: 7.544 GC heap after
{Heap after GC invocations=48 (full 4):
 PSYoungGen      total 9216K, used 2528K [0x00000000eab00000, 0x00000000ebc00000, 0x0000000100000000)
  eden space 4096K, 0% used [0x00000000eab00000,0x00000000eab00000,0x00000000eaf00000)
  from space 5120K, 49% used [0x00000000eb300000,0x00000000eb578000,0x00000000eb800000)
  to   space 3584K, 0% used [0x00000000eb880000,0x00000000eb880000,0x00000000ebc00000)
 ParOldGen       total 108032K, used 79371K [0x00000000c0000000, 0x00000000c6980000, 0x00000000eab00000)
  object space 108032K, 73% used [0x00000000c0000000,0x00000000c4d82f78,0x00000000c6980000)
 Metaspace       used 72072K, committed 73216K, reserved 1114112K
  class space    used 7826K, committed 8320K, reserved 1048576K
}
Event: 7.552 GC heap before
{Heap before GC invocations=49 (full 4):
 PSYoungGen      total 9216K, used 6624K [0x00000000eab00000, 0x00000000ebc00000, 0x0000000100000000)
  eden space 4096K, 100% used [0x00000000eab00000,0x00000000eaf00000,0x00000000eaf00000)
  from space 5120K, 49% used [0x00000000eb300000,0x00000000eb578000,0x00000000eb800000)
  to   space 3584K, 0% used [0x00000000eb880000,0x00000000eb880000,0x00000000ebc00000)
 ParOldGen       total 108032K, used 79371K [0x00000000c0000000, 0x00000000c6980000, 0x00000000eab00000)
  object space 108032K, 73% used [0x00000000c0000000,0x00000000c4d82f78,0x00000000c6980000)
 Metaspace       used 72072K, committed 73216K, reserved 1114112K
  class space    used 7826K, committed 8320K, reserved 1048576K
}
Event: 7.553 GC heap after
{Heap after GC invocations=49 (full 4):
 PSYoungGen      total 8704K, used 3232K [0x00000000eab00000, 0x00000000ebc00000, 0x0000000100000000)
  eden space 5120K, 0% used [0x00000000eab00000,0x00000000eab00000,0x00000000eb000000)
  from space 3584K, 90% used [0x00000000eb880000,0x00000000ebba8000,0x00000000ebc00000)
  to   space 3584K, 0% used [0x00000000eb500000,0x00000000eb500000,0x00000000eb880000)
 ParOldGen       total 108032K, used 81747K [0x00000000c0000000, 0x00000000c6980000, 0x00000000eab00000)
  object space 108032K, 75% used [0x00000000c0000000,0x00000000c4fd4f78,0x00000000c6980000)
 Metaspace       used 72072K, committed 73216K, reserved 1114112K
  class space    used 7826K, committed 8320K, reserved 1048576K
}
Event: 7.562 GC heap before
{Heap before GC invocations=50 (full 4):
 PSYoungGen      total 8704K, used 8352K [0x00000000eab00000, 0x00000000ebc00000, 0x0000000100000000)
  eden space 5120K, 100% used [0x00000000eab00000,0x00000000eb000000,0x00000000eb000000)
  from space 3584K, 90% used [0x00000000eb880000,0x00000000ebba8000,0x00000000ebc00000)
  to   space 3584K, 0% used [0x00000000eb500000,0x00000000eb500000,0x00000000eb880000)
 ParOldGen       total 108032K, used 81747K [0x00000000c0000000, 0x00000000c6980000, 0x00000000eab00000)
  object space 108032K, 75% used [0x00000000c0000000,0x00000000c4fd4f78,0x00000000c6980000)
 Metaspace       used 72072K, committed 73216K, reserved 1114112K
  class space    used 7826K, committed 8320K, reserved 1048576K
}
Event: 7.564 GC heap after
{Heap after GC invocations=50 (full 4):
 PSYoungGen      total 10240K, used 3584K [0x00000000eab00000, 0x00000000ec180000, 0x0000000100000000)
  eden space 6656K, 0% used [0x00000000eab00000,0x00000000eab00000,0x00000000eb180000)
  from space 3584K, 100% used [0x00000000eb500000,0x00000000eb880000,0x00000000eb880000)
  to   space 8192K, 0% used [0x00000000eb980000,0x00000000eb980000,0x00000000ec180000)
 ParOldGen       total 108032K, used 85203K [0x00000000c0000000, 0x00000000c6980000, 0x00000000eab00000)
  object space 108032K, 78% used [0x00000000c0000000,0x00000000c5334f78,0x00000000c6980000)
 Metaspace       used 72072K, committed 73216K, reserved 1114112K
  class space    used 7826K, committed 8320K, reserved 1048576K
}
Event: 3083.345 GC heap before
{Heap before GC invocations=51 (full 4):
 PSYoungGen      total 10240K, used 10240K [0x00000000eab00000, 0x00000000ec180000, 0x0000000100000000)
  eden space 6656K, 100% used [0x00000000eab00000,0x00000000eb180000,0x00000000eb180000)
  from space 3584K, 100% used [0x00000000eb500000,0x00000000eb880000,0x00000000eb880000)
  to   space 8192K, 0% used [0x00000000eb980000,0x00000000eb980000,0x00000000ec180000)
 ParOldGen       total 108032K, used 85203K [0x00000000c0000000, 0x00000000c6980000, 0x00000000eab00000)
  object space 108032K, 78% used [0x00000000c0000000,0x00000000c5334f78,0x00000000c6980000)
 Metaspace       used 72394K, committed 73536K, reserved 1114112K
  class space    used 7851K, committed 8320K, reserved 1048576K
}

